{"/var/www/DwrTaskListAPIbyNodejs/libs/config.js":{"path":"/var/www/DwrTaskListAPIbyNodejs/libs/config.js","s":{"1":1,"2":1,"3":1,"4":1,"5":0},"b":{"1":[1,0]},"f":{},"fnMap":{},"statementMap":{"1":{"start":{"line":1,"column":0},"end":{"line":7,"column":2}},"2":{"start":{"line":2,"column":4},"end":{"line":2,"column":37}},"3":{"start":{"line":3,"column":4},"end":{"line":5,"column":5}},"4":{"start":{"line":4,"column":8},"end":{"line":4,"column":45}},"5":{"start":{"line":6,"column":4},"end":{"line":6,"column":46}}},"branchMap":{"1":{"line":3,"type":"if","locations":[{"start":{"line":3,"column":4},"end":{"line":3,"column":4}},{"start":{"line":3,"column":4},"end":{"line":3,"column":4}}]}}},"/var/www/DwrTaskListAPIbyNodejs/libs/config.test.js":{"path":"/var/www/DwrTaskListAPIbyNodejs/libs/config.test.js","s":{"1":1},"b":{},"f":{},"fnMap":{},"statementMap":{"1":{"start":{"line":1,"column":0},"end":{"line":15,"column":2}}},"branchMap":{}},"/var/www/DwrTaskListAPIbyNodejs/models/tasks.js":{"path":"/var/www/DwrTaskListAPIbyNodejs/models/tasks.js","s":{"1":1,"2":1,"3":1,"4":1},"b":{},"f":{},"fnMap":{},"statementMap":{"1":{"start":{"line":1,"column":0},"end":{"line":28,"column":2}},"2":{"start":{"line":2,"column":4},"end":{"line":26,"column":7}},"3":{"start":{"line":23,"column":16},"end":{"line":23,"column":46}},"4":{"start":{"line":27,"column":4},"end":{"line":27,"column":17}}},"branchMap":{}},"/var/www/DwrTaskListAPIbyNodejs/routes/index.js":{"path":"/var/www/DwrTaskListAPIbyNodejs/routes/index.js","s":{"1":1,"2":1,"3":1},"b":{},"f":{},"fnMap":{},"statementMap":{"1":{"start":{"line":1,"column":0},"end":{"line":5,"column":2}},"2":{"start":{"line":2,"column":2},"end":{"line":4,"column":5}},"3":{"start":{"line":3,"column":4},"end":{"line":3,"column":36}}},"branchMap":{}},"/var/www/DwrTaskListAPIbyNodejs/routes/task.js":{"path":"/var/www/DwrTaskListAPIbyNodejs/routes/task.js","s":{"1":1,"2":1,"3":1,"4":0,"5":0,"6":0,"7":0,"8":0,"9":0,"10":0,"11":1,"12":0,"13":0,"14":0,"15":0,"16":0,"17":0,"18":0,"19":0,"20":0,"21":0,"22":0},"b":{"1":[0,0]},"f":{},"fnMap":{},"statementMap":{"1":{"start":{"line":1,"column":0},"end":{"line":62,"column":6}},"2":{"start":{"line":3,"column":4},"end":{"line":3,"column":38}},"3":{"start":{"line":5,"column":4},"end":{"line":23,"column":11}},"4":{"start":{"line":8,"column":12},"end":{"line":14,"column":19}},"5":{"start":{"line":11,"column":32},"end":{"line":11,"column":48}},"6":{"start":{"line":13,"column":20},"end":{"line":13,"column":63}},"7":{"start":{"line":17,"column":12},"end":{"line":17,"column":43}},"8":{"start":{"line":18,"column":12},"end":{"line":22,"column":19}},"9":{"start":{"line":19,"column":32},"end":{"line":19,"column":48}},"10":{"start":{"line":21,"column":20},"end":{"line":21,"column":63}},"11":{"start":{"line":25,"column":4},"end":{"line":61,"column":11}},"12":{"start":{"line":28,"column":12},"end":{"line":40,"column":19}},"13":{"start":{"line":33,"column":20},"end":{"line":35,"column":21}},"14":{"start":{"line":34,"column":24},"end":{"line":34,"column":48}},"15":{"start":{"line":36,"column":20},"end":{"line":36,"column":47}},"16":{"start":{"line":39,"column":20},"end":{"line":39,"column":63}},"17":{"start":{"line":43,"column":12},"end":{"line":50,"column":19}},"18":{"start":{"line":47,"column":32},"end":{"line":47,"column":51}},"19":{"start":{"line":49,"column":20},"end":{"line":49,"column":63}},"20":{"start":{"line":53,"column":12},"end":{"line":60,"column":19}},"21":{"start":{"line":57,"column":32},"end":{"line":57,"column":51}},"22":{"start":{"line":59,"column":20},"end":{"line":59,"column":63}}},"branchMap":{"1":{"line":33,"type":"if","locations":[{"start":{"line":33,"column":20},"end":{"line":33,"column":20}},{"start":{"line":33,"column":20},"end":{"line":33,"column":20}}]}}},"/var/www/DwrTaskListAPIbyNodejs/routes/user.js":{"path":"/var/www/DwrTaskListAPIbyNodejs/routes/user.js","s":{"1":1,"2":1,"3":1,"4":0,"5":0,"6":0,"7":0,"8":0,"9":0,"10":1,"11":0,"12":0,"13":0},"b":{},"f":{},"fnMap":{},"statementMap":{"1":{"start":{"line":1,"column":0},"end":{"line":28,"column":2}},"2":{"start":{"line":2,"column":4},"end":{"line":2,"column":38}},"3":{"start":{"line":3,"column":4},"end":{"line":20,"column":11}},"4":{"start":{"line":6,"column":12},"end":{"line":12,"column":19}},"5":{"start":{"line":9,"column":32},"end":{"line":9,"column":48}},"6":{"start":{"line":11,"column":20},"end":{"line":11,"column":63}},"7":{"start":{"line":15,"column":12},"end":{"line":19,"column":19}},"8":{"start":{"line":16,"column":32},"end":{"line":16,"column":51}},"9":{"start":{"line":18,"column":20},"end":{"line":18,"column":63}},"10":{"start":{"line":21,"column":4},"end":{"line":27,"column":7}},"11":{"start":{"line":22,"column":8},"end":{"line":26,"column":15}},"12":{"start":{"line":23,"column":28},"end":{"line":23,"column":44}},"13":{"start":{"line":25,"column":16},"end":{"line":25,"column":59}}},"branchMap":{}},"/var/www/DwrTaskListAPIbyNodejs/libs/boot.js":{"path":"/var/www/DwrTaskListAPIbyNodejs/libs/boot.js","s":{"1":1,"2":1,"3":0,"4":0,"5":0},"b":{"1":[0,1]},"f":{},"fnMap":{},"statementMap":{"1":{"start":{"line":1,"column":0},"end":{"line":9,"column":2}},"2":{"start":{"line":2,"column":4},"end":{"line":8,"column":5}},"3":{"start":{"line":3,"column":8},"end":{"line":7,"column":11}},"4":{"start":{"line":4,"column":12},"end":{"line":6,"column":15}},"5":{"start":{"line":5,"column":16},"end":{"line":5,"column":67}}},"branchMap":{"1":{"line":2,"type":"if","locations":[{"start":{"line":2,"column":4},"end":{"line":2,"column":4}},{"start":{"line":2,"column":4},"end":{"line":2,"column":4}}]}}}}