TN:
SF:/var/www/DwrTaskListAPIbyNodejs/libs/config.js
FNF:0
FNH:0
DA:1,1
DA:2,1
DA:3,1
DA:4,1
DA:6,0
LF:5
LH:4
BRDA:3,1,0,1
BRDA:3,1,1,0
BRF:2
BRH:1
end_of_record
TN:
SF:/var/www/DwrTaskListAPIbyNodejs/libs/config.test.js
FNF:0
FNH:0
DA:1,1
LF:1
LH:1
BRF:0
BRH:0
end_of_record
TN:
SF:/var/www/DwrTaskListAPIbyNodejs/models/tasks.js
FNF:0
FNH:0
DA:1,1
DA:2,1
DA:23,1
DA:27,1
LF:4
LH:4
BRF:0
BRH:0
end_of_record
TN:
SF:/var/www/DwrTaskListAPIbyNodejs/routes/index.js
FNF:0
FNH:0
DA:1,1
DA:2,1
DA:3,1
LF:3
LH:3
BRF:0
BRH:0
end_of_record
TN:
SF:/var/www/DwrTaskListAPIbyNodejs/routes/task.js
FNF:0
FNH:0
DA:1,1
DA:3,1
DA:5,1
DA:8,0
DA:11,0
DA:13,0
DA:17,0
DA:18,0
DA:19,0
DA:21,0
DA:25,1
DA:28,0
DA:33,0
DA:34,0
DA:36,0
DA:39,0
DA:43,0
DA:47,0
DA:49,0
DA:53,0
DA:57,0
DA:59,0
LF:22
LH:4
BRDA:33,1,0,0
BRDA:33,1,1,0
BRF:2
BRH:0
end_of_record
TN:
SF:/var/www/DwrTaskListAPIbyNodejs/routes/user.js
FNF:0
FNH:0
DA:1,1
DA:2,1
DA:3,1
DA:6,0
DA:9,0
DA:11,0
DA:15,0
DA:16,0
DA:18,0
DA:21,1
DA:22,0
DA:23,0
DA:25,0
LF:13
LH:4
BRF:0
BRH:0
end_of_record
TN:
SF:/var/www/DwrTaskListAPIbyNodejs/libs/boot.js
FNF:0
FNH:0
DA:1,1
DA:2,1
DA:3,0
DA:4,0
DA:5,0
LF:5
LH:2
BRDA:2,1,0,0
BRDA:2,1,1,1
BRF:2
BRH:1
end_of_record
