TN:
SF:/var/www/DwrTaskListAPIbyNodejs/auth.js
FN:4,(anonymous_1)
FN:11,(anonymous_2)
FN:13,(anonymous_3)
FN:22,(anonymous_4)
FN:26,initialize
FN:29,authenticate
FNF:6
FNH:5
FNDA:1,(anonymous_1)
FNDA:6,(anonymous_2)
FNDA:6,(anonymous_3)
FNDA:0,(anonymous_4)
FNDA:1,initialize
FNDA:3,authenticate
DA:1,1
DA:2,1
DA:4,1
DA:5,1
DA:6,1
DA:7,1
DA:11,1
DA:12,6
DA:14,6
DA:15,6
DA:20,0
DA:22,0
DA:24,1
DA:25,1
DA:27,1
DA:30,3
LF:16
LH:14
BRDA:14,0,0,6
BRDA:14,0,1,0
BRF:2
BRH:1
end_of_record
TN:
SF:/var/www/DwrTaskListAPIbyNodejs/db.js
FN:7,(anonymous_1)
FN:22,(anonymous_2)
FN:27,(anonymous_3)
FNF:3
FNH:3
FNDA:1,(anonymous_1)
FNDA:2,(anonymous_2)
FNDA:2,(anonymous_3)
DA:1,1
DA:2,1
DA:3,1
DA:5,1
DA:7,1
DA:8,1
DA:9,1
DA:10,1
DA:16,1
DA:21,1
DA:22,1
DA:23,2
DA:24,2
DA:25,2
DA:27,1
DA:28,2
DA:31,1
LF:17
LH:17
BRDA:8,0,0,1
BRDA:8,0,1,0
BRF:2
BRH:1
end_of_record
TN:
SF:/var/www/DwrTaskListAPIbyNodejs/index.js
FNF:0
FNH:0
DA:1,1
DA:2,1
DA:4,1
DA:6,1
DA:15,1
LF:5
LH:5
BRF:0
BRH:0
end_of_record
TN:
SF:/var/www/DwrTaskListAPIbyNodejs/libs/boot.js
FN:1,(anonymous_0)
FN:3,(anonymous_1)
FN:4,(anonymous_2)
FNF:3
FNH:1
FNDA:1,(anonymous_0)
FNDA:0,(anonymous_1)
FNDA:0,(anonymous_2)
DA:1,1
DA:2,1
DA:3,0
DA:4,0
DA:5,0
LF:5
LH:2
BRDA:2,0,0,0
BRDA:2,0,1,1
BRF:2
BRH:1
end_of_record
TN:
SF:/var/www/DwrTaskListAPIbyNodejs/libs/config.js
FN:1,(anonymous_0)
FNF:1
FNH:1
FNDA:1,(anonymous_0)
DA:1,1
DA:2,1
DA:3,1
DA:4,1
DA:6,0
LF:5
LH:4
BRDA:3,0,0,1
BRDA:3,0,1,0
BRF:2
BRH:1
end_of_record
TN:
SF:/var/www/DwrTaskListAPIbyNodejs/libs/config.test.js
FNF:0
FNH:0
DA:1,1
LF:1
LH:1
BRF:0
BRH:0
end_of_record
TN:
SF:/var/www/DwrTaskListAPIbyNodejs/libs/middlewares.js
FN:3,(anonymous_1)
FN:8,(anonymous_2)
FNF:2
FNH:2
FNDA:1,(anonymous_1)
FNDA:11,(anonymous_2)
DA:1,1
DA:3,1
DA:4,1
DA:5,1
DA:6,1
DA:7,1
DA:8,1
DA:9,11
DA:10,11
DA:11,11
LF:10
LH:10
BRF:0
BRH:0
end_of_record
TN:
SF:/var/www/DwrTaskListAPIbyNodejs/models/tasks.js
FN:1,(anonymous_0)
FN:22,associate
FNF:2
FNH:2
FNDA:1,(anonymous_0)
FNDA:1,associate
DA:1,1
DA:2,1
DA:23,1
DA:27,1
LF:4
LH:4
BRF:0
BRH:0
end_of_record
TN:
SF:/var/www/DwrTaskListAPIbyNodejs/models/users.js
FN:3,(anonymous_1)
FN:34,beforeCreate
FN:40,associate
FN:43,isPassword
FNF:4
FNH:4
FNDA:1,(anonymous_1)
FNDA:10,beforeCreate
FNDA:1,associate
FNDA:2,isPassword
DA:1,1
DA:3,1
DA:4,1
DA:35,10
DA:36,10
DA:41,1
DA:44,2
DA:48,1
LF:8
LH:8
BRF:0
BRH:0
end_of_record
TN:
SF:/var/www/DwrTaskListAPIbyNodejs/routes/index.js
FN:1,(anonymous_0)
FN:2,(anonymous_1)
FNF:2
FNH:2
FNDA:1,(anonymous_0)
FNDA:1,(anonymous_1)
DA:1,1
DA:2,1
DA:3,1
LF:3
LH:3
BRF:0
BRH:0
end_of_record
TN:
SF:/var/www/DwrTaskListAPIbyNodejs/routes/task.js
FN:1,(anonymous_0)
FN:7,(anonymous_1)
FN:11,(anonymous_2)
FN:12,(anonymous_3)
FN:16,(anonymous_4)
FN:19,(anonymous_5)
FN:20,(anonymous_6)
FN:27,(anonymous_7)
FN:32,(anonymous_8)
FN:38,(anonymous_9)
FN:42,(anonymous_10)
FN:47,(anonymous_11)
FN:48,(anonymous_12)
FN:52,(anonymous_13)
FN:57,(anonymous_14)
FN:58,(anonymous_15)
FNF:16
FNH:11
FNDA:1,(anonymous_0)
FNDA:1,(anonymous_1)
FNDA:1,(anonymous_2)
FNDA:0,(anonymous_3)
FNDA:1,(anonymous_4)
FNDA:1,(anonymous_5)
FNDA:0,(anonymous_6)
FNDA:2,(anonymous_7)
FNDA:2,(anonymous_8)
FNDA:0,(anonymous_9)
FNDA:1,(anonymous_10)
FNDA:1,(anonymous_11)
FNDA:0,(anonymous_12)
FNDA:1,(anonymous_13)
FNDA:1,(anonymous_14)
FNDA:0,(anonymous_15)
DA:1,1
DA:3,1
DA:5,1
DA:8,1
DA:11,1
DA:13,0
DA:17,1
DA:18,1
DA:19,1
DA:21,0
DA:25,1
DA:28,2
DA:33,2
DA:34,1
DA:36,1
DA:39,0
DA:43,1
DA:47,1
DA:49,0
DA:53,1
DA:57,1
DA:59,0
LF:22
LH:17
BRDA:33,0,0,1
BRDA:33,0,1,1
BRF:2
BRH:2
end_of_record
TN:
SF:/var/www/DwrTaskListAPIbyNodejs/routes/token.js
FN:3,(anonymous_1)
FN:6,(anonymous_2)
FN:11,(anonymous_3)
FN:21,(anonymous_4)
FNF:4
FNH:4
FNDA:1,(anonymous_1)
FNDA:4,(anonymous_2)
FNDA:3,(anonymous_3)
FNDA:1,(anonymous_4)
DA:1,1
DA:3,1
DA:4,1
DA:5,1
DA:6,1
DA:7,4
DA:8,3
DA:9,3
DA:10,3
DA:12,3
DA:13,1
DA:14,1
DA:18,1
DA:21,1
DA:23,1
LF:15
LH:15
BRDA:7,0,0,3
BRDA:7,0,1,1
BRDA:7,1,0,4
BRDA:7,1,1,3
BRDA:12,2,0,1
BRDA:12,2,1,1
BRF:6
BRH:6
end_of_record
TN:
SF:/var/www/DwrTaskListAPIbyNodejs/routes/user.js
FN:1,(anonymous_0)
FN:5,(anonymous_1)
FN:9,(anonymous_2)
FN:10,(anonymous_3)
FN:14,(anonymous_4)
FN:16,(anonymous_5)
FN:17,(anonymous_6)
FN:21,(anonymous_7)
FN:23,(anonymous_8)
FN:24,(anonymous_9)
FNF:10
FNH:1
FNDA:1,(anonymous_0)
FNDA:0,(anonymous_1)
FNDA:0,(anonymous_2)
FNDA:0,(anonymous_3)
FNDA:0,(anonymous_4)
FNDA:0,(anonymous_5)
FNDA:0,(anonymous_6)
FNDA:0,(anonymous_7)
FNDA:0,(anonymous_8)
FNDA:0,(anonymous_9)
DA:1,1
DA:2,1
DA:3,1
DA:6,0
DA:9,0
DA:11,0
DA:15,0
DA:16,0
DA:18,0
DA:21,1
DA:22,0
DA:23,0
DA:25,0
LF:13
LH:4
BRF:0
BRH:0
end_of_record
